make all --print-data-base --no-builtin-variables --no-builtin-rules --question
make: *** No rule to make target 'all'.  Stop.

# GNU Make 4.2.1
 
# Built for x86_64-pc-linux-gnu
 
# Copyright (C) 1988-2016 Free Software Foundation, Inc.
 
# License GPLv3+: GNU GPL version 3 or later <http://gnu.org/licenses/gpl.html>
 
# This is free software: you are free to change and redistribute it.
 
# There is NO WARRANTY, to the extent permitted by law.
 

 
# Make data base, printed on Sat Jun 25 21:28:41 2022
 

# Variables
 

 
# 'override' directive
 
GNUMAKEFLAGS := 
# automatic
<D = $(patsubst %/,%,$(dir $<))
# automatic
?F = $(notdir $?)
# environment
DESKTOP_SESSION = ubuntu
# default
.SHELLFLAGS := -c
# environment
XDG_SESSION_CLASS = user
# environment
SNAP_COMMON = /var/snap/code/common
# environment
XDG_SESSION_TYPE = x11
# environment
VSCODE_LOG_NATIVE = false
# automatic
?D = $(patsubst %/,%,$(dir $?))
# environment
IM_CONFIG_PHASE = 1
# automatic
@D = $(patsubst %/,%,$(dir $@))
# environment
XAUTHORITY = /run/user/1000/gdm/Xauthority
# environment
GDMSESSION = ubuntu
# environment
XMODIFIERS = @im=ibus
# makefile
CURDIR := /home/tariqelb/cpp1
# makefile
SHELL = /bin/sh
# environment
SNAP_DATA = /var/snap/code/99
# environment
VSCODE_NLS_CONFIG = {"locale":"en-us","availableLanguages":{},"_languagePackSupport":true}
# environment
JOURNAL_STREAM = 8:51507
# environment
XDG_CONFIG_DIRS = /etc/xdg/xdg-ubuntu:/etc/xdg
# environment
SNAP_INSTANCE_NAME = code
# environment
SNAP_ARCH = amd64
# makefile
MAKEFILE_LIST := 
# automatic
@F = $(notdir $@)
# environment
GIO_LAUNCHED_DESKTOP_FILE = /var/lib/snapd/desktop/applications/code_code.desktop
# environment
USERNAME = tariqelb
# environment
MAKELEVEL := 0
# environment
XDG_DATA_DIRS = /usr/share/ubuntu:/usr/local/share/:/usr/share/:/var/lib/snapd/desktop
# environment
DBUS_SESSION_BUS_ADDRESS = unix:path=/run/user/1000/bus
# environment
VSCODE_VERBOSE_LOGGING = true
# environment
_ = /snap/code/99/usr/share/code/code
# environment
MANAGERPID = 2393
# environment
VSCODE_IPC_HOOK_EXTHOST = /run/user/1000/vscode-ipc-d48260c8-3501-454e-b853-2478228b535c.sock
# environment
LC_NAME = ar_MA.UTF-8
# environment
VSCODE_CWD = /home/tariqelb
# environment
GSETTINGS_SCHEMA_DIR = /snap/code/99/usr/share/glib-2.0/schemas
# default
MAKE_HOST := x86_64-pc-linux-gnu
# environment
PATH = /usr/local/sbin:/usr/local/bin:/usr/sbin:/usr/bin:/sbin:/bin:/usr/games:/usr/local/games:/snap/bin
# environment
GPG_AGENT_INFO = /run/user/1000/gnupg/S.gpg-agent:0:1
# environment
SESSION_MANAGER = local/tariqelb-HP-620:@/tmp/.ICE-unix/2615,unix/tariqelb-HP-620:/tmp/.ICE-unix/2615
# environment
XDG_RUNTIME_DIR = /run/user/1000
# environment
GDK_PIXBUF_MODULE_FILE = /home/tariqelb/snap/code/common/.cache/gdk-pixbuf-loaders.cache
# environment
SNAP = /snap/code/99
# environment
SNAP_VERSION = 30d9c6cd
# environment
XDG_MENU_PREFIX = gnome-
# environment
VSCODE_LOG_STACK = false
# environment
DISABLE_WAYLAND = 1
# environment
ELECTRON_RUN_AS_NODE = 1
# environment
INVOCATION_ID = b078589523444ad690097a9adadeabb9
# environment
GDK_PIXBUF_MODULEDIR = /snap/code/99/usr/lib/x86_64-linux-gnu/gdk-pixbuf-2.0/2.10.0/loaders
# default
.FEATURES := target-specific order-only second-expansion else-if shortest-stem undefine oneshell archives jobserver output-sync check-symlink load
# environment
LS_COLORS = 
# environment
XDG_SESSION_DESKTOP = ubuntu
# environment
SSH_AUTH_SOCK = /run/user/1000/keyring/ssh
# environment
GIO_LAUNCHED_DESKTOP_FILE_PID = 18261
# automatic
%F = $(notdir $%)
# environment
DISPLAY = :0
# environment
VSCODE_PIPE_LOGGING = true
# environment
SNAP_INSTANCE_KEY = 
# environment
PWD = /home/tariqelb/cpp1
# default
.LOADED := 
# environment
SSH_AGENT_PID = 2580
# environment
ORIGINAL_XDG_CURRENT_DESKTOP = ubuntu:GNOME
# environment
GTK_MODULES = gail:atk-bridge
# environment
VSCODE_AMD_ENTRYPOINT = vs/workbench/api/node/extensionHostProcess
# environment
HOME = /home/tariqelb
# environment
VSCODE_CLI = 1
# environment
VSCODE_CODE_CACHE_PATH = /home/tariqelb/.config/Code/CachedData/30d9c6cd9483b2cc586687151bcbcd635f373630
# environment
LOGNAME = tariqelb
# environment
APPLICATION_INSIGHTS_NO_DIAGNOSTIC_CHANNEL = 1
# environment
SNAP_LIBRARY_PATH = /var/lib/snapd/lib/gl:/var/lib/snapd/lib/gl32:/var/lib/snapd/void
# environment
SNAP_CONTEXT = O5iDrXqQLQxe3Zwe2Vu46iyFHrEk504hpdAr1v_cp9Gm0D6n5KKY
# automatic
+F = $(notdir $+)
# environment
ELECTRON_NO_ATTACH_CONSOLE = 1
# environment
SNAP_USER_COMMON = /home/tariqelb/snap/code/common
# environment
VSCODE_HANDLES_UNCAUGHT_ERRORS = true
# environment
GNOME_DESKTOP_SESSION_ID = this-is-deprecated
# automatic
^D = $(patsubst %/,%,$(dir $^))
# environment
LC_TIME = ar_MA.UTF-8
# environment
SNAP_REAL_HOME = /home/tariqelb
# default
MAKE = $(MAKE_COMMAND)
# default
MAKECMDGOALS := all
# environment
QT_IM_MODULE = ibus
# environment
SNAP_USER_DATA = /home/tariqelb/snap/code/99
# environment
SHLVL = 0
# environment
GNOME_SHELL_SESSION_MODE = ubuntu
# default
MAKE_VERSION := 4.2.1
# environment
USER = tariqelb
# environment
SNAP_REVISION = 99
# environment
LC_MONETARY = ar_MA.UTF-8
# makefile
.DEFAULT_GOAL := 
# environment
XDG_CURRENT_DESKTOP = Unity
# automatic
%D = $(patsubst %/,%,$(dir $%))
# environment
LC_TELEPHONE = ar_MA.UTF-8
# default
MAKE_COMMAND := make
# environment
OLDPWD = /home/tariqelb
# default
.VARIABLES := 
# automatic
*F = $(notdir $*)
# environment
VSCODE_IPC_HOOK = /run/user/1000/vscode-558fdcd9-1.68.1-main.sock
# environment
BAMF_DESKTOP_FILE_HINT = /var/lib/snapd/desktop/applications/code_code.desktop
# makefile
MAKEFLAGS = pqrR
# environment
MFLAGS = -pqrR
# automatic
*D = $(patsubst %/,%,$(dir $*))
# automatic
+D = $(patsubst %/,%,$(dir $+))
# environment
GDK_BACKEND = x11
# environment
LC_PAPER = ar_MA.UTF-8
# environment
LC_IDENTIFICATION = ar_MA.UTF-8
# environment
QT_ACCESSIBILITY = 1
# default
MAKEFILES := 
# environment
SNAP_COOKIE = O5iDrXqQLQxe3Zwe2Vu46iyFHrEk504hpdAr1v_cp9Gm0D6n5KKY
# environment
LC_NUMERIC = ar_MA.UTF-8
# automatic
<F = $(notdir $<)
# environment
LC_MEASUREMENT = ar_MA.UTF-8
# environment
SNAP_NAME = code
# environment
LC_ALL = C
# environment
GJS_DEBUG_TOPICS = JS ERROR;JS LOG
# automatic
^F = $(notdir $^)
# default
SUFFIXES := 
# environment
SNAP_REEXEC = 
# environment
CHROME_DESKTOP = code-url-handler.desktop
# environment
WINDOWPATH = 2
# default
.INCLUDE_DIRS = /usr/include /usr/local/include /usr/include
# environment
GJS_DEBUG_OUTPUT = stderr
# default
.RECIPEPREFIX := 
# environment
LC_ADDRESS = ar_MA.UTF-8
# environment
LANG = C
# environment
VSCODE_PID = 18304
# variable set hash-table stats:
# Load=128/1024=12%, Rehash=0, Collisions=22/150=15%

# Pattern-specific Variable Values

# No pattern-specific variable values.

# Directories

# . (device 64769, inode 2621690): 7 files, no impossibilities.

# 7 files, no impossibilities in 1 directories.

# Implicit Rules

# No implicit rules.

# Files

# Not a target:
all:
#  Command line target.
#  Implicit rule search has been done.
#  File does not exist.
 
#  File has not been updated.
 

# Not a target:
Makefile:
#  Implicit rule search has been done.
#  File does not exist.
#  File has been updated.
#  Failed to be updated.

# Not a target:
makefile:
#  Implicit rule search has been done.
#  File does not exist.
#  File has been updated.
#  Failed to be updated.

# Not a target:
.DEFAULT:
#  Implicit rule search has not been done.
#  Modification time never checked.
#  File has not been updated.

# Not a target:
GNUmakefile:
#  Implicit rule search has been done.
#  File does not exist.
#  File has been updated.
#  Failed to be updated.

# files hash-table stats:
# Load=6/1024=1%, Rehash=0, Collisions=0/15=0%
# VPATH Search Paths

# No 'vpath' search paths.

# No general ('VPATH' variable) search path.

# strcache buffers: 1 (0) / strings = 15 / storage = 118 B / avg = 7 B
# current buf: size = 8162 B / used = 118 B / count = 15 / avg = 7 B

# strcache performance: lookups = 18 / hit rate = 16%
# hash-table stats:
# Load=15/8192=0%, Rehash=0, Collisions=1/18=6%
# Finished Make data base on Sat Jun 25 21:28:41 2022

 
